Started GET "/search?location=grand+junction&commit=Search" for ::1 at 2020-11-26 00:57:10 -0600
  [1m[35m (3.3ms)[0m  [1m[34mSELECT sqlite_version(*)[0m
  
ActiveRecord::PendingMigrationError (

Migrations are pending. To resolve this issue, run:

        rails db:migrate RAILS_ENV=development

):
  
activerecord (6.0.3.4) lib/active_record/migration.rb:586:in `check_pending!'
activerecord (6.0.3.4) lib/active_record/migration.rb:564:in `call'
actionpack (6.0.3.4) lib/action_dispatch/middleware/callbacks.rb:27:in `block in call'
activesupport (6.0.3.4) lib/active_support/callbacks.rb:101:in `run_callbacks'
actionpack (6.0.3.4) lib/action_dispatch/middleware/callbacks.rb:26:in `call'
actionpack (6.0.3.4) lib/action_dispatch/middleware/executor.rb:14:in `call'
actionpack (6.0.3.4) lib/action_dispatch/middleware/actionable_exceptions.rb:18:in `call'
actionpack (6.0.3.4) lib/action_dispatch/middleware/debug_exceptions.rb:32:in `call'
web-console (4.1.0) lib/web_console/middleware.rb:132:in `call_app'
web-console (4.1.0) lib/web_console/middleware.rb:28:in `block in call'
web-console (4.1.0) lib/web_console/middleware.rb:17:in `catch'
web-console (4.1.0) lib/web_console/middleware.rb:17:in `call'
actionpack (6.0.3.4) lib/action_dispatch/middleware/show_exceptions.rb:33:in `call'
railties (6.0.3.4) lib/rails/rack/logger.rb:37:in `call_app'
railties (6.0.3.4) lib/rails/rack/logger.rb:26:in `block in call'
activesupport (6.0.3.4) lib/active_support/tagged_logging.rb:80:in `block in tagged'
activesupport (6.0.3.4) lib/active_support/tagged_logging.rb:28:in `tagged'
activesupport (6.0.3.4) lib/active_support/tagged_logging.rb:80:in `tagged'
railties (6.0.3.4) lib/rails/rack/logger.rb:26:in `call'
sprockets-rails (3.2.2) lib/sprockets/rails/quiet_assets.rb:13:in `call'
actionpack (6.0.3.4) lib/action_dispatch/middleware/remote_ip.rb:81:in `call'
actionpack (6.0.3.4) lib/action_dispatch/middleware/request_id.rb:27:in `call'
rack (2.2.3) lib/rack/method_override.rb:24:in `call'
rack (2.2.3) lib/rack/runtime.rb:22:in `call'
activesupport (6.0.3.4) lib/active_support/cache/strategy/local_cache_middleware.rb:29:in `call'
actionpack (6.0.3.4) lib/action_dispatch/middleware/executor.rb:14:in `call'
actionpack (6.0.3.4) lib/action_dispatch/middleware/static.rb:126:in `call'
rack (2.2.3) lib/rack/sendfile.rb:110:in `call'
actionpack (6.0.3.4) lib/action_dispatch/middleware/host_authorization.rb:82:in `call'
railties (6.0.3.4) lib/rails/engine.rb:527:in `call'
puma (4.3.6) lib/puma/configuration.rb:228:in `call'
puma (4.3.6) lib/puma/server.rb:713:in `handle_request'
puma (4.3.6) lib/puma/server.rb:472:in `process_client'
puma (4.3.6) lib/puma/server.rb:328:in `block in run'
puma (4.3.6) lib/puma/thread_pool.rb:134:in `block in spawn_thread'
  [1m[35m (2.7ms)[0m  [1m[34mSELECT sqlite_version(*)[0m
  [1m[35m (1.7ms)[0m  [1m[35mCREATE TABLE "schema_migrations" ("version" varchar NOT NULL PRIMARY KEY)[0m
  [1m[35m (1.0ms)[0m  [1m[35mCREATE TABLE "ar_internal_metadata" ("key" varchar NOT NULL PRIMARY KEY, "value" varchar, "created_at" datetime(6) NOT NULL, "updated_at" datetime(6) NOT NULL)[0m
  [1m[35m (0.1ms)[0m  [1m[34mSELECT "schema_migrations"."version" FROM "schema_migrations" ORDER BY "schema_migrations"."version" ASC[0m
Migrating to CreateUsers (20201126045844)
  [1m[35m (0.0ms)[0m  [1m[36mbegin transaction[0m
  [1m[35m (0.4ms)[0m  [1m[35mCREATE TABLE "users" ("id" integer PRIMARY KEY AUTOINCREMENT NOT NULL, "first_name" varchar, "last_name" varchar, "email" varchar, "username" varchar, "admin" boolean DEFAULT 0, "created_at" datetime(6) NOT NULL, "updated_at" datetime(6) NOT NULL)[0m
  [1m[36mprimary::SchemaMigration Create (0.1ms)[0m  [1m[32mINSERT INTO "schema_migrations" ("version") VALUES (?)[0m  [["version", "20201126045844"]]
  [1m[35m (0.7ms)[0m  [1m[36mcommit transaction[0m
Migrating to CreatePlayers (20201126053317)
  [1m[35m (0.0ms)[0m  [1m[36mbegin transaction[0m
  [1m[35m (0.3ms)[0m  [1m[35mCREATE TABLE "players" ("id" integer PRIMARY KEY AUTOINCREMENT NOT NULL, "name" varchar, "position" varchar, "team" varchar, "projected_points" integer, "team_id" integer, "created_at" datetime(6) NOT NULL, "updated_at" datetime(6) NOT NULL)[0m
  [1m[36mprimary::SchemaMigration Create (0.1ms)[0m  [1m[32mINSERT INTO "schema_migrations" ("version") VALUES (?)[0m  [["version", "20201126053317"]]
  [1m[35m (1.0ms)[0m  [1m[36mcommit transaction[0m
Migrating to CreateTeams (20201126053833)
  [1m[35m (0.0ms)[0m  [1m[36mbegin transaction[0m
  [1m[35m (0.3ms)[0m  [1m[35mCREATE TABLE "teams" ("id" integer PRIMARY KEY AUTOINCREMENT NOT NULL, "name" varchar, "user_id" integer, "created_at" datetime(6) NOT NULL, "updated_at" datetime(6) NOT NULL)[0m
  [1m[36mprimary::SchemaMigration Create (0.1ms)[0m  [1m[32mINSERT INTO "schema_migrations" ("version") VALUES (?)[0m  [["version", "20201126053833"]]
  [1m[35m (0.7ms)[0m  [1m[36mcommit transaction[0m
  [1m[36mActiveRecord::InternalMetadata Load (0.1ms)[0m  [1m[34mSELECT "ar_internal_metadata".* FROM "ar_internal_metadata" WHERE "ar_internal_metadata"."key" = ? LIMIT ?[0m  [["key", "environment"], ["LIMIT", 1]]
  [1m[35m (0.0ms)[0m  [1m[36mbegin transaction[0m
  [1m[36mActiveRecord::InternalMetadata Create (0.3ms)[0m  [1m[32mINSERT INTO "ar_internal_metadata" ("key", "value", "created_at", "updated_at") VALUES (?, ?, ?, ?)[0m  [["key", "environment"], ["value", "development"], ["created_at", "2020-11-26 06:57:30.297182"], ["updated_at", "2020-11-26 06:57:30.297182"]]
  [1m[35m (0.8ms)[0m  [1m[36mcommit transaction[0m
  [1m[35m (0.0ms)[0m  [1m[34mSELECT sqlite_version(*)[0m
  [1m[35m (0.1ms)[0m  [1m[34mSELECT "schema_migrations"."version" FROM "schema_migrations" ORDER BY "schema_migrations"."version" ASC[0m
Started GET "/search?location=grand+junction&commit=Search" for ::1 at 2020-11-26 00:57:44 -0600
  [1m[35m (3.1ms)[0m  [1m[34mSELECT sqlite_version(*)[0m
  [1m[35m (0.1ms)[0m  [1m[34mSELECT "schema_migrations"."version" FROM "schema_migrations" ORDER BY "schema_migrations"."version" ASC[0m
Processing by SearchController#index as HTML
  Parameters: {"location"=>"grand junction", "commit"=>"Search"}
  Rendering search/index.html.erb within layouts/application
  Rendered search/index.html.erb within layouts/application (Duration: 2.4ms | Allocations: 545)
Completed 200 OK in 43ms (Views: 37.4ms | ActiveRecord: 0.0ms | Allocations: 16096)


Started GET "/search?player=lamar&commit=Search" for ::1 at 2020-11-26 00:57:48 -0600
Processing by SearchController#index as HTML
  Parameters: {"player"=>"lamar", "commit"=>"Search"}
  Rendering search/index.html.erb within layouts/application
  Rendered search/index.html.erb within layouts/application (Duration: 0.3ms | Allocations: 157)
Completed 200 OK in 4ms (Views: 3.9ms | ActiveRecord: 0.0ms | Allocations: 2039)


Started GET "/search?player=lamar&commit=Search" for ::1 at 2020-11-26 00:58:39 -0600
Processing by SearchController#index as HTML
  Parameters: {"player"=>"lamar", "commit"=>"Search"}
  Rendering search/index.html.erb within layouts/application
  Rendered search/index.html.erb within layouts/application (Duration: 0.3ms | Allocations: 152)
Completed 200 OK in 4ms (Views: 3.8ms | ActiveRecord: 0.0ms | Allocations: 2019)


Started GET "/search?player=lamar&commit=Search" for ::1 at 2020-11-26 00:59:25 -0600
  [1m[35m (0.0ms)[0m  [1m[34mSELECT sqlite_version(*)[0m
Processing by SearchController#index as HTML
  Parameters: {"player"=>"lamar", "commit"=>"Search"}
  Rendering search/index.html.erb within layouts/application
  Rendered search/index.html.erb within layouts/application (Duration: 0.2ms | Allocations: 158)
Completed 200 OK in 3ms (Views: 3.2ms | ActiveRecord: 0.0ms | Allocations: 2212)


Started GET "/search?player=lamar&commit=Search" for ::1 at 2020-11-26 00:59:26 -0600
Processing by SearchController#index as HTML
  Parameters: {"player"=>"lamar", "commit"=>"Search"}
  Rendering search/index.html.erb within layouts/application
  Rendered search/index.html.erb within layouts/application (Duration: 0.2ms | Allocations: 152)
Completed 200 OK in 4ms (Views: 3.5ms | ActiveRecord: 0.0ms | Allocations: 2021)


Started GET "/" for ::1 at 2020-11-26 00:59:31 -0600
Processing by Rails::WelcomeController#index as HTML
  Rendering /Users/hopegipson/.rvm/gems/ruby-2.6.1/gems/railties-6.0.3.4/lib/rails/templates/rails/welcome/index.html.erb
  Rendered /Users/hopegipson/.rvm/gems/ruby-2.6.1/gems/railties-6.0.3.4/lib/rails/templates/rails/welcome/index.html.erb (Duration: 7.9ms | Allocations: 196)
Completed 200 OK in 10ms (Views: 8.6ms | ActiveRecord: 0.0ms | Allocations: 779)


Started GET "/search" for ::1 at 2020-11-26 00:59:35 -0600
Processing by SearchController#index as HTML
  Rendering search/index.html.erb within layouts/application
  Rendered search/index.html.erb within layouts/application (Duration: 2.1ms | Allocations: 372)
Completed 200 OK in 13ms (Views: 12.4ms | ActiveRecord: 0.0ms | Allocations: 3520)


Started GET "/search?player=lamar&commit=Search" for ::1 at 2020-11-26 00:59:37 -0600
Processing by SearchController#index as HTML
  Parameters: {"player"=>"lamar", "commit"=>"Search"}
  Rendering search/index.html.erb within layouts/application
  Rendered search/index.html.erb within layouts/application (Duration: 0.3ms | Allocations: 156)
Completed 200 OK in 4ms (Views: 4.0ms | ActiveRecord: 0.0ms | Allocations: 2014)


Started GET "/search" for ::1 at 2020-11-26 01:00:34 -0600
Processing by SearchController#index as HTML
  Rendering search/index.html.erb within layouts/application
  Rendered search/index.html.erb within layouts/application (Duration: 2.0ms | Allocations: 374)
Completed 200 OK in 12ms (Views: 11.3ms | ActiveRecord: 0.0ms | Allocations: 3127)


Started GET "/search?player=lamar&commit=Search" for ::1 at 2020-11-26 01:00:36 -0600
Processing by SearchController#index as HTML
  Parameters: {"player"=>"lamar", "commit"=>"Search"}
  Rendering search/index.html.erb within layouts/application
  Rendered search/index.html.erb within layouts/application (Duration: 0.2ms | Allocations: 156)
Completed 200 OK in 3ms (Views: 3.0ms | ActiveRecord: 0.0ms | Allocations: 2022)


Started GET "/search" for ::1 at 2020-11-26 01:00:56 -0600
Processing by SearchController#index as HTML
  Rendering search/index.html.erb within layouts/application
  Rendered search/index.html.erb within layouts/application (Duration: 1.7ms | Allocations: 372)
Completed 200 OK in 9ms (Views: 8.3ms | ActiveRecord: 0.0ms | Allocations: 3128)


Started GET "/search?player_name=lamar&commit=Search" for ::1 at 2020-11-26 01:00:58 -0600
Processing by SearchController#index as HTML
  Parameters: {"player_name"=>"lamar", "commit"=>"Search"}
Completed 500 Internal Server Error in 3ms (ActiveRecord: 0.0ms | Allocations: 2083)


  
NameError (uninitialized constant SearchController::Sportsdata
Did you mean?  SportsData):
  
app/controllers/search_controller.rb:4:in `index'
Started GET "/search?player_name=lamar&commit=Search" for ::1 at 2020-11-26 01:01:25 -0600
  [1m[35m (0.1ms)[0m  [1m[34mSELECT sqlite_version(*)[0m
Processing by SearchController#index as HTML
  Parameters: {"player_name"=>"lamar", "commit"=>"Search"}
Started GET "/search" for ::1 at 2020-11-26 01:01:30 -0600
  Rendering search/index.html.erb within layouts/application
  Rendered search/index.html.erb within layouts/application (Duration: 49.3ms | Allocations: 158)
Completed 200 OK in 7430ms (Views: 113.0ms | ActiveRecord: 0.0ms | Allocations: 9591)


  [1m[35m (0.0ms)[0m  [1m[34mSELECT sqlite_version(*)[0m
Started GET "/search" for ::1 at 2020-11-26 01:01:33 -0600
Processing by SearchController#index as HTML
  Rendering search/index.html.erb within layouts/application
  [1m[35m (0.0ms)[0m  [1m[34mSELECT sqlite_version(*)[0m
  Rendered search/index.html.erb within layouts/application (Duration: 0.2ms | Allocations: 157)
Processing by SearchController#index as HTML
  Rendering search/index.html.erb within layouts/application
  Rendered search/index.html.erb within layouts/application (Duration: 0.2ms | Allocations: 151)
Completed 200 OK in 6ms (Views: 5.9ms | ActiveRecord: 0.0ms | Allocations: 4687)


Completed 200 OK in 4ms (Views: 3.4ms | ActiveRecord: 0.0ms | Allocations: 3173)


Started GET "/search?player_name=lamar&commit=Search" for ::1 at 2020-11-26 01:01:35 -0600
Processing by SearchController#index as HTML
  Parameters: {"player_name"=>"lamar", "commit"=>"Search"}
  Rendering search/index.html.erb within layouts/application
  Rendered search/index.html.erb within layouts/application (Duration: 53.6ms | Allocations: 152)
Completed 200 OK in 7658ms (Views: 62.1ms | ActiveRecord: 0.0ms | Allocations: 7536)


